# JRE version: Java(TM) SE Runtime Environment (8.0_441) (build 1.8.0_441-b07)
# Java VM: Java HotSpot(TM) 64-Bit Server VM (25.441-b07 mixed mode windows-amd64 compressed oops)
Heap:
 PSYoungGen      total 363520K, used 227134K [0x00000006aab00000, 0x00000006c3280000, 0x00000007c0000000)
  eden space 331776K, 58% used [0x00000006aab00000,0x00000006b69d3940,0x00000006bef00000)
  from space 31744K, 99% used [0x00000006bef00000,0x00000006c0dfc238,0x00000006c0e00000)
  to   space 29696K, 0% used [0x00000006c0e00000,0x00000006c0e00000,0x00000006c2b00000)
 ParOldGen       total 261120K, used 116632K [0x0000000480000000, 0x000000048ff00000, 0x00000006aab00000)
  object space 261120K, 44% used [0x0000000480000000,0x00000004871e6080,0x000000048ff00000)
 Metaspace       used 123729K, capacity 138748K, committed 138920K, reserved 1169408K
  class space    used 17276K, capacity 18569K, committed 18608K, reserved 1048576K
GC Heap History (10 events):
Event: 5178.270 GC heap after
Heap after GC invocations=22 (full 6):
 PSYoungGen      total 212480K, used 0K [0x00000006aab00000, 0x00000006b9600000, 0x00000007c0000000)
  eden space 196608K, 0% used [0x00000006aab00000,0x00000006aab00000,0x00000006b6b00000)
  from space 15872K, 0% used [0x00000006b8680000,0x00000006b8680000,0x00000006b9600000)
  to   space 22016K, 0% used [0x00000006b6b00000,0x00000006b6b00000,0x00000006b8080000)
 ParOldGen       total 261120K, used 37934K [0x0000000480000000, 0x000000048ff00000, 0x00000006aab00000)
  object space 261120K, 14% used [0x0000000480000000,0x000000048250b9a8,0x000000048ff00000)
 Metaspace       used 110145K, capacity 119028K, committed 119080K, reserved 1153024K
  class space    used 15024K, capacity 15664K, committed 15664K, reserved 1048576K
}
Event: 5180.161 GC heap before
{Heap before GC invocations=23 (full 6):
 PSYoungGen      total 212480K, used 196608K [0x00000006aab00000, 0x00000006b9600000, 0x00000007c0000000)
  eden space 196608K, 100% used [0x00000006aab00000,0x00000006b6b00000,0x00000006b6b00000)
  from space 15872K, 0% used [0x00000006b8680000,0x00000006b8680000,0x00000006b9600000)
  to   space 22016K, 0% used [0x00000006b6b00000,0x00000006b6b00000,0x00000006b8080000)
 ParOldGen       total 261120K, used 37934K [0x0000000480000000, 0x000000048ff00000, 0x00000006aab00000)
  object space 261120K, 14% used [0x0000000480000000,0x000000048250b9a8,0x000000048ff00000)
 Metaspace       used 116359K, capacity 128704K, committed 128936K, reserved 1161216K
  class space    used 16159K, capacity 17259K, committed 17328K, reserved 1048576K
Event: 5180.169 GC heap after
Heap after GC invocations=23 (full 6):
 PSYoungGen      total 218624K, used 9641K [0x00000006aab00000, 0x00000006bd680000, 0x00000007c0000000)
  eden space 196608K, 0% used [0x00000006aab00000,0x00000006aab00000,0x00000006b6b00000)
  from space 22016K, 43% used [0x00000006b6b00000,0x00000006b746a630,0x00000006b8080000)
  to   space 20992K, 0% used [0x00000006bc200000,0x00000006bc200000,0x00000006bd680000)
 ParOldGen       total 261120K, used 37942K [0x0000000480000000, 0x000000048ff00000, 0x00000006aab00000)
  object space 261120K, 14% used [0x0000000480000000,0x000000048250d9a8,0x000000048ff00000)
 Metaspace       used 116359K, capacity 128704K, committed 128936K, reserved 1161216K
  class space    used 16159K, capacity 17259K, committed 17328K, reserved 1048576K
}
Event: 5180.819 GC heap before
{Heap before GC invocations=24 (full 6):
 PSYoungGen      total 218624K, used 206249K [0x00000006aab00000, 0x00000006bd680000, 0x00000007c0000000)
  eden space 196608K, 100% used [0x00000006aab00000,0x00000006b6b00000,0x00000006b6b00000)
  from space 22016K, 43% used [0x00000006b6b00000,0x00000006b746a630,0x00000006b8080000)
  to   space 20992K, 0% used [0x00000006bc200000,0x00000006bc200000,0x00000006bd680000)
 ParOldGen       total 261120K, used 37942K [0x0000000480000000, 0x000000048ff00000, 0x00000006aab00000)
  object space 261120K, 14% used [0x0000000480000000,0x000000048250d9a8,0x000000048ff00000)
 Metaspace       used 116667K, capacity 129006K, committed 129192K, reserved 1161216K
  class space    used 16162K, capacity 17264K, committed 17328K, reserved 1048576K
Event: 5180.826 GC heap after
Heap after GC invocations=24 (full 6):
 PSYoungGen      total 285696K, used 1664K [0x00000006aab00000, 0x00000006bd900000, 0x00000007c0000000)
  eden space 264704K, 0% used [0x00000006aab00000,0x00000006aab00000,0x00000006bad80000)
  from space 20992K, 7% used [0x00000006bc200000,0x00000006bc3a0000,0x00000006bd680000)
  to   space 20992K, 0% used [0x00000006bad80000,0x00000006bad80000,0x00000006bc200000)
 ParOldGen       total 261120K, used 44669K [0x0000000480000000, 0x000000048ff00000, 0x00000006aab00000)
  object space 261120K, 17% used [0x0000000480000000,0x0000000482b9f7d0,0x000000048ff00000)
 Metaspace       used 116667K, capacity 129006K, committed 129192K, reserved 1161216K
  class space    used 16162K, capacity 17264K, committed 17328K, reserved 1048576K
}
Event: 5181.750 GC heap before
{Heap before GC invocations=25 (full 6):
 PSYoungGen      total 285696K, used 266368K [0x00000006aab00000, 0x00000006bd900000, 0x00000007c0000000)
  eden space 264704K, 100% used [0x00000006aab00000,0x00000006bad80000,0x00000006bad80000)
  from space 20992K, 7% used [0x00000006bc200000,0x00000006bc3a0000,0x00000006bd680000)
  to   space 20992K, 0% used [0x00000006bad80000,0x00000006bad80000,0x00000006bc200000)
 ParOldGen       total 261120K, used 44669K [0x0000000480000000, 0x000000048ff00000, 0x00000006aab00000)
  object space 261120K, 17% used [0x0000000480000000,0x0000000482b9f7d0,0x000000048ff00000)
 Metaspace       used 117673K, capacity 130194K, committed 130344K, reserved 1163264K
  class space    used 16251K, capacity 17344K, committed 17456K, reserved 1048576K
Event: 5181.765 GC heap after
Heap after GC invocations=25 (full 6):
 PSYoungGen      total 285696K, used 20992K [0x00000006aab00000, 0x00000006c2b00000, 0x00000007c0000000)
  eden space 264704K, 0% used [0x00000006aab00000,0x00000006aab00000,0x00000006bad80000)
  from space 20992K, 100% used [0x00000006bad80000,0x00000006bc200000,0x00000006bc200000)
  to   space 29696K, 0% used [0x00000006c0e00000,0x00000006c0e00000,0x00000006c2b00000)
 ParOldGen       total 261120K, used 59521K [0x0000000480000000, 0x000000048ff00000, 0x00000006aab00000)
  object space 261120K, 22% used [0x0000000480000000,0x0000000483a204d8,0x000000048ff00000)
 Metaspace       used 117673K, capacity 130194K, committed 130344K, reserved 1163264K
  class space    used 16251K, capacity 17344K, committed 17456K, reserved 1048576K
}
Event: 5182.377 GC heap before
{Heap before GC invocations=26 (full 6):
 PSYoungGen      total 285696K, used 285696K [0x00000006aab00000, 0x00000006c2b00000, 0x00000007c0000000)
  eden space 264704K, 100% used [0x00000006aab00000,0x00000006bad80000,0x00000006bad80000)
  from space 20992K, 100% used [0x00000006bad80000,0x00000006bc200000,0x00000006bc200000)
  to   space 29696K, 0% used [0x00000006c0e00000,0x00000006c0e00000,0x00000006c2b00000)
 ParOldGen       total 261120K, used 59521K [0x0000000480000000, 0x000000048ff00000, 0x00000006aab00000)
  object space 261120K, 22% used [0x0000000480000000,0x0000000483a204d8,0x000000048ff00000)
 Metaspace       used 117711K, capacity 130194K, committed 130344K, reserved 1163264K
  class space    used 16251K, capacity 17344K, committed 17456K, reserved 1048576K
Event: 5182.388 GC heap after
Heap after GC invocations=26 (full 6):
 PSYoungGen      total 361472K, used 20864K [0x00000006aab00000, 0x00000006c3280000, 0x00000007c0000000)
  eden space 331776K, 0% used [0x00000006aab00000,0x00000006aab00000,0x00000006bef00000)
  from space 29696K, 70% used [0x00000006c0e00000,0x00000006c2260000,0x00000006c2b00000)
  to   space 31744K, 0% used [0x00000006bef00000,0x00000006bef00000,0x00000006c0e00000)
 ParOldGen       total 261120K, used 62729K [0x0000000480000000, 0x000000048ff00000, 0x00000006aab00000)
  object space 261120K, 24% used [0x0000000480000000,0x0000000483d424e8,0x000000048ff00000)
 Metaspace       used 117711K, capacity 130194K, committed 130344K, reserved 1163264K
  class space    used 16251K, capacity 17344K, committed 17456K, reserved 1048576K
}
Event: 5183.671 GC heap before
{Heap before GC invocations=27 (full 6):
 PSYoungGen      total 361472K, used 345256K [0x00000006aab00000, 0x00000006c3280000, 0x00000007c0000000)
  eden space 331776K, 97% used [0x00000006aab00000,0x00000006be7ca0f8,0x00000006bef00000)
  from space 29696K, 70% used [0x00000006c0e00000,0x00000006c2260000,0x00000006c2b00000)
  to   space 31744K, 0% used [0x00000006bef00000,0x00000006bef00000,0x00000006c0e00000)
 ParOldGen       total 261120K, used 62729K [0x0000000480000000, 0x000000048ff00000, 0x00000006aab00000)
  object space 261120K, 24% used [0x0000000480000000,0x0000000483d424e8,0x000000048ff00000)
 Metaspace       used 123393K, capacity 138234K, committed 138408K, reserved 1169408K
  class space    used 17212K, capacity 18504K, committed 18608K, reserved 1048576K

